TN:
SF:src/app.ts
FNF:0
FNH:0
DA:7,1
DA:8,1
DA:9,1
DA:11,1
DA:12,1
LF:5
LH:5
BRF:0
BRH:0
end_of_record
TN:
SF:src/database.ts
FNF:0
FNH:0
DA:3,1
DA:4,1
LF:2
LH:2
BRF:0
BRH:0
end_of_record
TN:
SF:src/controllers/recommendationController.ts
FN:6,insert
FN:17,upvote
FN:25,downvote
FN:33,random
FN:39,get
FN:44,getTop
FN:51,getById
FNF:7
FNH:5
FNDA:4,insert
FNDA:2,upvote
FNDA:3,downvote
FNDA:0,random
FNDA:1,get
FNDA:0,getTop
FNDA:2,getById
DA:7,4
DA:8,4
DA:9,3
DA:12,1
DA:14,1
DA:18,2
DA:20,2
DA:22,1
DA:26,3
DA:28,3
DA:30,2
DA:34,0
DA:36,0
DA:40,1
DA:41,1
DA:45,0
DA:47,0
DA:48,0
DA:52,2
DA:54,2
DA:55,1
DA:58,1
LF:22
LH:17
BRDA:8,0,0,3
BRF:1
BRH:1
end_of_record
TN:
SF:src/middlewares/errorHandlerMiddleware.ts
FN:8,errorHandlerMiddleware
FNF:1
FNH:1
FNDA:6,errorHandlerMiddleware
DA:14,6
DA:16,6
DA:17,6
DA:20,0
LF:4
LH:3
BRDA:16,0,0,6
BRF:1
BRH:1
end_of_record
TN:
SF:src/repositories/recommendationRepository.ts
FN:5,create
FN:16,findAll
FN:26,getAmountByScore
FN:33,getFindAllFilter
FN:45,find
FN:51,findByName
FN:57,updateScore
FN:66,remove
FNF:8
FNH:7
FNDA:1,create
FNDA:1,findAll
FNDA:0,getAmountByScore
FNDA:1,getFindAllFilter
FNDA:7,find
FNDA:1,findByName
FNDA:3,updateScore
FNDA:1,remove
DA:6,1
DA:17,1
DA:19,1
DA:27,0
DA:36,1
DA:38,0
DA:40,0
DA:46,7
DA:52,1
DA:58,3
DA:67,1
DA:72,1
LF:12
LH:9
BRDA:36,0,0,1
BRF:1
BRH:1
end_of_record
TN:
SF:src/routers/recommendationRouter.ts
FNF:0
FNH:0
DA:4,1
DA:6,1
DA:7,1
DA:8,1
DA:9,1
DA:10,1
DA:11,1
DA:12,1
LF:8
LH:8
BRF:0
BRH:0
end_of_record
TN:
SF:src/schemas/recommendationsSchemas.ts
FNF:0
FNH:0
DA:4,1
DA:6,1
LF:2
LH:2
BRF:0
BRH:0
end_of_record
TN:
SF:src/services/recommendationsService.ts
FN:7,insert
FN:17,upvote
FN:23,downvote
FN:36,getByIdOrFail
FN:43,get
FN:47,getTop
FN:51,getRandom
FN:64,getByScore
FN:77,getScoreFilter
FNF:9
FNH:5
FNDA:1,insert
FNDA:2,upvote
FNDA:3,downvote
FNDA:7,getByIdOrFail
FNDA:1,get
FNDA:0,getTop
FNDA:0,getRandom
FNDA:0,getByScore
FNDA:0,getScoreFilter
DA:8,1
DA:11,1
DA:12,0
DA:14,1
DA:18,2
DA:20,1
DA:24,3
DA:26,2
DA:31,2
DA:32,1
DA:37,7
DA:38,7
DA:40,4
DA:44,1
DA:48,0
DA:52,0
DA:53,0
DA:55,0
DA:56,0
DA:57,0
DA:60,0
DA:61,0
DA:65,0
DA:70,0
DA:71,0
DA:74,0
DA:78,0
DA:79,0
DA:82,0
DA:85,1
LF:30
LH:14
BRDA:11,0,0,0
BRDA:31,1,0,1
BRDA:38,2,0,3
BRDA:56,3,0,0
BRDA:70,4,0,0
BRDA:78,5,0,0
BRF:6
BRH:2
end_of_record
TN:
SF:src/tests/factories/recommendationFactory.ts
FN:4,createRecommendation
FN:10,createElevenRecommendations
FNF:2
FNH:2
FNDA:5,createRecommendation
FNDA:1,createElevenRecommendations
DA:5,5
DA:11,1
DA:12,1
DA:13,11
DA:19,1
LF:5
LH:5
BRF:0
BRH:0
end_of_record
TN:
SF:src/tests/factories/recommendationsBodyFactory.ts
FN:3,createRecommendationData
FNF:1
FNH:1
FNDA:20,createRecommendationData
DA:4,20
LF:1
LH:1
BRF:0
BRH:0
end_of_record
TN:
SF:src/tests/factories/scenarioFactory.ts
FN:8,createScenarioOneRecommendation
FN:12,createScenarioOneRecommendationWithFiveDownvotes
FN:19,createScenarioElevenRecommendations
FN:23,deleteAllData
FNF:4
FNH:4
FNDA:4,createScenarioOneRecommendation
FNDA:1,createScenarioOneRecommendationWithFiveDownvotes
FNDA:1,createScenarioElevenRecommendations
FNDA:12,deleteAllData
DA:9,4
DA:13,1
DA:14,1
DA:16,1
DA:20,1
DA:24,12
LF:6
LH:6
BRF:0
BRH:0
end_of_record
TN:
SF:src/tests/factories/votesFactory.ts
FN:3,insertFiveDownvotes
FNF:1
FNH:1
FNDA:1,insertFiveDownvotes
DA:4,1
LF:1
LH:1
BRF:0
BRH:0
end_of_record
TN:
SF:src/utils/errorUtils.ts
FN:7,isAppError
FN:11,errorTypeToStatusCode
FN:19,conflictError
FN:23,notFoundError
FN:27,unauthorizedError
FN:31,wrongSchemaError
FNF:6
FNH:4
FNDA:6,isAppError
FNDA:6,errorTypeToStatusCode
FNDA:0,conflictError
FNDA:3,notFoundError
FNDA:0,unauthorizedError
FNDA:3,wrongSchemaError
DA:8,6
DA:12,6
DA:13,6
DA:14,3
DA:15,3
DA:16,0
DA:20,0
DA:24,3
DA:28,0
DA:32,3
LF:10
LH:7
BRDA:12,0,0,0
BRDA:13,1,0,3
BRDA:14,2,0,0
BRDA:15,3,0,3
BRDA:20,4,0,0
BRDA:20,4,1,0
BRDA:20,5,0,0
BRDA:20,5,1,0
BRDA:24,6,0,0
BRDA:24,6,1,3
BRDA:24,7,0,3
BRDA:24,7,1,3
BRDA:28,8,0,0
BRDA:28,8,1,0
BRDA:28,9,0,0
BRDA:28,9,1,0
BRDA:32,10,0,0
BRDA:32,10,1,3
BRDA:32,11,0,3
BRDA:32,11,1,3
BRF:20
BRH:8
end_of_record
